#
# A fatal error has been detected by the Java Runtime Environment:
#
#  EXCEPTION_ACCESS_VIOLATION (0xc0000005) at pc=0x00000000718e531f, pid=8028, tid=4424
#
# JRE version: Java(TM) SE Runtime Environment (8.0_71-b15) (build 1.8.0_71-b15)
# Java VM: Java HotSpot(TM) 64-Bit Server VM (25.71-b15 mixed mode windows-amd64 compressed oops)
# Problematic frame:
# V  [jvm.dll+0xf531f]
#
# Failed to write core dump. Minidumps are not enabled by default on client versions of Windows
#
# If you would like to submit a bug report, please visit:
#   http://bugreport.java.com/bugreport/crash.jsp
#

---------------  T H R E A D  ---------------

Current thread (0x0000000014896800):  VMThread [stack: 0x0000000015930000,0x0000000015a30000] [id=4424]

siginfo: ExceptionCode=0xc0000005, reading address 0x0000000014500090

Registers:
RAX=0x00000000001944a0, RBX=0x0000000000000000, RCX=0x000000001436bbe0, RDX=0x000000000000ca25
RSP=0x0000000015a2efc8, RBP=0x0000000015a2f540, RSI=0x0000000015a2f6d0, RDI=0x0000000015a2f6d0
R8 =0x0000000000000000, R9 =0x000000001436a890, R10=0x0000000000000007, R11=0x00000000143667d8
R12=0x00000000166ccf08, R13=0x0000000015a2f500, R14=0x00000000000003d8, R15=0x0000000015a2f4f0
RIP=0x00000000718e531f, EFLAGS=0x0000000000010206

Top of Stack: (sp=0x0000000015a2efc8)
0x0000000015a2efc8:   00000000718ece10 0000000000000000
0x0000000015a2efd8:   0000000000000000 0000000000000000
0x0000000015a2efe8:   0000000000000000 0000000000000006
0x0000000015a2eff8:   0000000000000001 0000000071dea048
0x0000000015a2f008:   00000000021fa2f0 0000000000000014
0x0000000015a2f018:   000000000000000e 0000000015a2f040
0x0000000015a2f028:   0000000700000002 0000000000000000
0x0000000015a2f038:   0000000000000365 4fffffff4fffffff
0x0000000015a2f048:   4fffffff2fffffff 00000000000002eb
0x0000000015a2f058:   0000000016590080 00000000000003ff
0x0000000015a2f068:   00000000000002eb 0000000000000ffe
0x0000000015a2f078:   00000007000000d8 ffffffff00000001
0x0000000015a2f088:   000000060000000a fffffffffa084ebc
0x0000000015a2f098:   00000000166d1120 0000000002000002
0x0000000015a2f0a8:   0000000015f2ec50 0000000071e4e218
0x0000000015a2f0b8:   00000000f1000ffe 00000000016ec16d 

Instructions: (pc=0x00000000718e531f)
0x00000000718e52ff:   74 3e 85 d2 79 13 f7 d2 48 63 c2 48 c1 e0 05 48
0x00000000718e530f:   8b 44 08 10 0f b7 c0 eb 12 48 63 c2 48 c1 e0 05
0x00000000718e531f:   48 8b 44 08 10 0f b7 d0 48 63 c2 41 0f b7 4c c1
0x00000000718e532f:   52 48 63 c1 41 0f b7 44 c1 52 49 8b 44 c1 50 c3 


Register to memory mapping:

RAX=0x00000000001944a0 is an unknown value
RBX=0x0000000000000000 is an unknown value
RCX=0x000000001436bbe0 is pointing into metadata
RDX=0x000000000000ca25 is an unknown value
RSP=0x0000000015a2efc8 is an unknown value
RBP=0x0000000015a2f540 is an unknown value
RSI=0x0000000015a2f6d0 is an unknown value
RDI=0x0000000015a2f6d0 is an unknown value
R8 =0x0000000000000000 is an unknown value
R9 =0x000000001436a890 is pointing into metadata
R10=0x0000000000000007 is an unknown value
R11=0x00000000143667d8 is pointing into metadata
R12=0x00000000166ccf08 is an unknown value
R13=0x0000000015a2f500 is an unknown value
R14=0x00000000000003d8 is an unknown value
R15=0x0000000015a2f4f0 is an unknown value


Stack: [0x0000000015930000,0x0000000015a30000],  sp=0x0000000015a2efc8,  free space=1019k
Native frames: (J=compiled Java code, j=interpreted, Vv=VM code, C=native code)
V  [jvm.dll+0xf531f]

VM_Operation (0x0000000015f2f170): GetOrSetLocal, mode: safepoint, requested by thread 0x00000000148df800


---------------  P R O C E S S  ---------------

Java Threads: ( => current thread )
  0x000000001656a000 JavaThread "Service Thread" daemon [_thread_blocked, id=8892, stack(0x0000000016b40000,0x0000000016c40000)]
  0x000000001492d000 JavaThread "C1 CompilerThread2" daemon [_thread_blocked, id=8376, stack(0x0000000016a40000,0x0000000016b40000)]
  0x000000001492c800 JavaThread "C2 CompilerThread1" daemon [_thread_blocked, id=7796, stack(0x0000000016940000,0x0000000016a40000)]
  0x00000000148f3000 JavaThread "C2 CompilerThread0" daemon [_thread_blocked, id=2936, stack(0x0000000016440000,0x0000000016540000)]
  0x00000000148e5000 JavaThread "JDWP Command Reader" daemon [_thread_in_native, id=8856, stack(0x0000000016340000,0x0000000016440000)]
  0x00000000148e4000 JavaThread "JDWP Event Helper Thread" daemon [_thread_blocked, id=7404, stack(0x0000000016240000,0x0000000016340000)]
  0x00000000148df800 JavaThread "JDWP Transport Listener: dt_socket" daemon [_thread_blocked, id=7264, stack(0x0000000015e30000,0x0000000015f30000)]
  0x00000000148cd000 JavaThread "Attach Listener" daemon [_thread_blocked, id=6264, stack(0x0000000015d30000,0x0000000015e30000)]
  0x00000000148cc000 JavaThread "Signal Dispatcher" daemon [_thread_blocked, id=3584, stack(0x0000000015c30000,0x0000000015d30000)]
  0x00000000022a8000 JavaThread "Finalizer" daemon [_thread_blocked, id=8584, stack(0x0000000015b30000,0x0000000015c30000)]
  0x000000000229f000 JavaThread "Reference Handler" daemon [_thread_blocked, id=5616, stack(0x0000000015a30000,0x0000000015b30000)]
  0x00000000021ae000 JavaThread "main" [_thread_blocked, id=8104, stack(0x0000000002000000,0x0000000002100000)]

Other Threads:
=>0x0000000014896800 VMThread [stack: 0x0000000015930000,0x0000000015a30000] [id=4424]
  0x0000000016587000 WatcherThread [stack: 0x0000000016c40000,0x0000000016d40000] [id=8592]

VM state:at safepoint (normal execution)

VM Mutex/Monitor currently owned by a thread:  ([mutex/lock_event])
[0x00000000021acba0] Threads_lock - owner thread: 0x0000000014896800

Heap:
 PSYoungGen      total 18944K, used 2644K [0x00000000eb100000, 0x00000000ec600000, 0x0000000100000000)
  eden space 16384K, 16% used [0x00000000eb100000,0x00000000eb395338,0x00000000ec100000)
  from space 2560K, 0% used [0x00000000ec380000,0x00000000ec380000,0x00000000ec600000)
  to   space 2560K, 0% used [0x00000000ec100000,0x00000000ec100000,0x00000000ec380000)
 ParOldGen       total 44032K, used 0K [0x00000000c1200000, 0x00000000c3d00000, 0x00000000eb100000)
  object space 44032K, 0% used [0x00000000c1200000,0x00000000c1200000,0x00000000c3d00000)
 Metaspace       used 3449K, capacity 4760K, committed 5120K, reserved 1056768K
  class space    used 369K, capacity 392K, committed 512K, reserved 1048576K

Card table byte_map: [0x0000000011670000,0x0000000011870000] byte_map_base: 0x0000000011067000

Marking Bits: (ParMarkBitMap*) 0x0000000071fff600
 Begin Bits: [0x0000000011dc0000, 0x0000000012d78000)
 End Bits:   [0x0000000012d78000, 0x0000000013d30000)

Polling page: 0x0000000000590000

CodeCache: size=245760Kb used=1310Kb max_used=1310Kb free=244449Kb
 bounds [0x00000000022b0000, 0x0000000002520000, 0x00000000112b0000]
 total_blobs=352 nmethods=117 adapters=156
 compilation: enabled

Compilation events (10 events):
Event: 0.508 Thread 0x000000001492d000  113       3       java.util.ArrayList::get (11 bytes)
Event: 0.508 Thread 0x000000001492d000 nmethod 113 0x00000000023e92d0 code [0x00000000023e9460, 0x00000000023e97b8]
Event: 0.508 Thread 0x000000001492d000  112       3       java.lang.String::isEmpty (14 bytes)
Event: 0.509 Thread 0x000000001492d000 nmethod 112 0x00000000023eb390 code [0x00000000023eb4e0, 0x00000000023eb690]
Event: 0.509 Thread 0x000000001492d000  115       3       java.util.concurrent.ConcurrentHashMap::spread (10 bytes)
Event: 0.509 Thread 0x000000001492d000 nmethod 115 0x00000000023eb090 code [0x00000000023eb1e0, 0x00000000023eb330]
Event: 0.509 Thread 0x000000001492d000  116       3       java.util.regex.Pattern::<init> (90 bytes)
Event: 0.510 Thread 0x000000001492d000 nmethod 116 0x00000000023f0650 code [0x00000000023f0820, 0x00000000023f10d8]
Event: 0.510 Thread 0x000000001492d000  117       1       java.net.URL::getProtocol (5 bytes)
Event: 0.510 Thread 0x000000001492d000 nmethod 117 0x00000000023e9010 code [0x00000000023e9160, 0x00000000023e9270]

GC Heap History (0 events):
No events

Deoptimization events (0 events):
No events

Internal exceptions (6 events):
Event: 0.062 Thread 0x00000000021ae000 Exception <a 'java/lang/NoSuchMethodError': Method sun.misc.Unsafe.defineClass(Ljava/lang/String;[BII)Ljava/lang/Class; name or signature does not match> (0x00000000eb10d588) thrown at [C:\re\workspace\8-2-build-windows-amd64-cygwin\jdk8u71\5731\hotspot\sr»π≤¸r·Ø?
Event: 0.062 Thread 0x00000000021ae000 Exception <a 'java/lang/NoSuchMethodError': Method sun.misc.Unsafe.prefetchRead(Ljava/lang/Object;J)V name or signature does not match> (0x00000000eb10d870) thrown at [C:\re\workspace\8-2-build-windows-amd64-cygwin\jdk8u71\5731\hotspot\src\share\vm\prims\j‘Ÿ≈†∑€?
Event: 0.423 Thread 0x00000000021ae000 Exception <a 'java/security/PrivilegedActionException'> (0x00000000eb2aae30) thrown at [C:\re\workspace\8-2-build-windows-amd64-cygwin\jdk8u71\5731\hotspot\src\share\vm\prims\jvm.cpp, line 1386]
Event: 0.423 Thread 0x00000000021ae000 Exception <a 'java/security/PrivilegedActionException'> (0x00000000eb2ab228) thrown at [C:\re\workspace\8-2-build-windows-amd64-cygwin\jdk8u71\5731\hotspot\src\share\vm\prims\jvm.cpp, line 1386]
Event: 0.426 Thread 0x00000000021ae000 Exception <a 'java/security/PrivilegedActionException'> (0x00000000eb2aefb8) thrown at [C:\re\workspace\8-2-build-windows-amd64-cygwin\jdk8u71\5731\hotspot\src\share\vm\prims\jvm.cpp, line 1386]
Event: 0.426 Thread 0x00000000021ae000 Exception <a 'java/security/PrivilegedActionException'> (0x00000000eb2af3b0) thrown at [C:\re\workspace\8-2-build-windows-amd64-cygwin\jdk8u71\5731\hotspot\src\share\vm\prims\jvm.cpp, line 1386]

Events (10 events):
Event: 3022.683 Executing VM operation: ChangeBreakpoints done
Event: 3022.685 Executing VM operation: EnterInterpOnlyMode
Event: 3022.685 Executing VM operation: EnterInterpOnlyMode done
Event: 3022.685 Executing VM operation: GetCurrentLocation
Event: 3022.685 Executing VM operation: GetCurrentLocation done
Event: 3022.685 Executing VM operation: ChangeSingleStep
Event: 3022.685 Executing VM operation: ChangeSingleStep done
Event: 3022.685 Executing VM operation: ChangeSingleStep
Event: 3022.685 Executing VM operation: ChangeSingleStep done
Event: 3045.885 Executing VM operation: GetOrSetLocal


Dynamic libraries:
0x00007ff7eae00000 - 0x00007ff7eae37000 	C:\Program Files\Java\jre1.8.0_71\bin\javaw.exe
0x00007ffc30ac0000 - 0x00007ffc30c6d000 	C:\Windows\SYSTEM32\ntdll.dll
0x00007ffc30530000 - 0x00007ffc3066e000 	C:\Windows\system32\KERNEL32.DLL
0x00007ffc2dff0000 - 0x00007ffc2e105000 	C:\Windows\system32\KERNELBASE.dll
0x00007ffc2c400000 - 0x00007ffc2c48e000 	C:\Windows\system32\apphelp.dll
0x00007ffc09260000 - 0x00007ffc092b3000 	C:\Windows\AppPatch\AppPatch64\AcGenral.DLL
0x00007ffc2e300000 - 0x00007ffc2e3aa000 	C:\Windows\system32\msvcrt.dll
0x00007ffc2e110000 - 0x00007ffc2e13e000 	C:\Windows\system32\SspiCli.dll
0x00007ffc2e460000 - 0x00007ffc2e4b4000 	C:\Windows\system32\SHLWAPI.dll
0x00007ffc30940000 - 0x00007ffc30ab7000 	C:\Windows\system32\USER32.dll
0x00007ffc2fe60000 - 0x00007ffc2fff4000 	C:\Windows\system32\ole32.dll
0x00007ffc2e770000 - 0x00007ffc2fc98000 	C:\Windows\system32\SHELL32.dll
0x00007ffc2d1a0000 - 0x00007ffc2d1c1000 	C:\Windows\SYSTEM32\USERENV.dll
0x00007ffc2e4c0000 - 0x00007ffc2e56a000 	C:\Windows\system32\ADVAPI32.dll
0x00007ffc22f20000 - 0x00007ffc22f3e000 	C:\Windows\SYSTEM32\MPR.dll
0x00007ffc2e570000 - 0x00007ffc2e6b0000 	C:\Windows\system32\RPCRT4.dll
0x00007ffc30670000 - 0x00007ffc306c9000 	C:\Windows\SYSTEM32\sechost.dll
0x00007ffc30000000 - 0x00007ffc30211000 	C:\Windows\SYSTEM32\combase.dll
0x00007ffc30220000 - 0x00007ffc3036f000 	C:\Windows\system32\GDI32.dll
0x00007ffc2dbe0000 - 0x00007ffc2dbf5000 	C:\Windows\SYSTEM32\profapi.dll
0x00007ffc2cdf0000 - 0x00007ffc2cea2000 	C:\Windows\SYSTEM32\SHCORE.dll
0x00007ffc2e3b0000 - 0x00007ffc2e3e6000 	C:\Windows\system32\IMM32.DLL
0x00007ffc303d0000 - 0x00007ffc30522000 	C:\Windows\system32\MSCTF.dll
0x00007ffc2ba10000 - 0x00007ffc2bc8b000 	C:\Windows\WinSxS\amd64_microsoft.windows.common-controls_6595b64144ccf1df_6.0.9600.18006_none_623f33d3ecbe86e8\COMCTL32.dll
0x00000000709d0000 - 0x0000000070aa2000 	C:\Program Files\Java\jre1.8.0_71\bin\msvcr100.dll
0x00000000717f0000 - 0x000000007207f000 	C:\Program Files\Java\jre1.8.0_71\bin\server\jvm.dll
0x00007ffc24fe0000 - 0x00007ffc24fe9000 	C:\Windows\SYSTEM32\WSOCK32.dll
0x00007ffc25080000 - 0x00007ffc250a2000 	C:\Windows\SYSTEM32\WINMM.dll
0x00007ffc2ceb0000 - 0x00007ffc2ceba000 	C:\Windows\SYSTEM32\VERSION.dll
0x00007ffc2e2f0000 - 0x00007ffc2e2f7000 	C:\Windows\system32\PSAPI.DLL
0x00007ffc2e400000 - 0x00007ffc2e45a000 	C:\Windows\system32\WS2_32.dll
0x00007ffc25050000 - 0x00007ffc2507a000 	C:\Windows\SYSTEM32\WINMMBASE.dll
0x00007ffc2e3f0000 - 0x00007ffc2e3f9000 	C:\Windows\system32\NSI.dll
0x00007ffc2df40000 - 0x00007ffc2df8f000 	C:\Windows\SYSTEM32\cfgmgr32.dll
0x00007ffc2c650000 - 0x00007ffc2c678000 	C:\Windows\SYSTEM32\DEVOBJ.dll
0x00000000717e0000 - 0x00000000717ef000 	C:\Program Files\Java\jre1.8.0_71\bin\verify.dll
0x00000000717b0000 - 0x00000000717d9000 	C:\Program Files\Java\jre1.8.0_71\bin\java.dll
0x0000000070990000 - 0x00000000709c5000 	C:\Program Files\Java\jre1.8.0_71\bin\jdwp.dll
0x0000000070980000 - 0x0000000070988000 	C:\Program Files\Java\jre1.8.0_71\bin\npt.dll
0x0000000071790000 - 0x00000000717a6000 	C:\Program Files\Java\jre1.8.0_71\bin\zip.dll
0x0000000070970000 - 0x0000000070979000 	C:\Program Files\Java\jre1.8.0_71\bin\dt_socket.dll
0x00007ffc05f60000 - 0x00007ffc05f75000 	C:\Windows\system32\napinsp.dll
0x00007ffc05f40000 - 0x00007ffc05f5a000 	C:\Windows\system32\pnrpnsp.dll
0x00007ffc28580000 - 0x00007ffc2859b000 	C:\Windows\system32\NLAapi.dll
0x00007ffc2d410000 - 0x00007ffc2d469000 	C:\Windows\System32\mswsock.dll
0x00007ffc2d210000 - 0x00007ffc2d2b4000 	C:\Windows\SYSTEM32\DNSAPI.dll
0x00007ffc05f30000 - 0x00007ffc05f3d000 	C:\Windows\System32\winrnr.dll
0x00007ffc04e80000 - 0x00007ffc04e94000 	C:\Windows\system32\wshbth.dll
0x0000000072270000 - 0x0000000072296000 	C:\Program Files\Bonjour\mdnsNSP.dll
0x00007ffc27a70000 - 0x00007ffc27a9a000 	C:\Windows\SYSTEM32\Iphlpapi.DLL
0x00007ffc27a50000 - 0x00007ffc27a5a000 	C:\Windows\SYSTEM32\WINNSI.DLL
0x00007ffc275f0000 - 0x00007ffc2765b000 	C:\Windows\System32\fwpuclnt.dll
0x00007ffc25780000 - 0x00007ffc2578a000 	C:\Windows\System32\rasadhlp.dll
0x00007ffc1e9c0000 - 0x00007ffc1eb49000 	C:\Windows\SYSTEM32\dbghelp.dll

VM Arguments:
jvm_args: -agentlib:jdwp=transport=dt_socket,suspend=y,address=localhost:51900 -Dfile.encoding=Cp1252 
java_command: SYSTEM C:\Users\ankita_K\Desktop\workspace\InputFile.txt
java_class_path (initial): C:\Users\ankita_K\Desktop\workspace\OS_Phase1\bin
Launcher Type: SUN_STANDARD

Environment Variables:
PATH=C:/Program Files/Java/jre1.8.0_71/bin/server;C:/Program Files/Java/jre1.8.0_71/bin;C:/Program Files/Java/jre1.8.0_71/lib/amd64;C:\ProgramData\Oracle\Java\javapath;C:\Program Files (x86)\Intel\iCLS Client\;C:\Program Files\Intel\iCLS Client\;C:\Windows\system32;C:\Windows;C:\Windows\System32\Wbem;C:\Windows\System32\WindowsPowerShell\v1.0\;C:\Program Files (x86)\Acer\abFiles\;C:\Program Files\Intel\Intel(R) Management Engine Components\DAL;C:\Program Files\Intel\Intel(R) Management Engine Components\IPT;C:\Program Files (x86)\Intel\Intel(R) Management Engine Components\DAL;C:\Program Files\Java\jdk1.8.0_45\bin;C:\Program Files\Java\jdk1.8.0_45\bin;C:\Program Files (x86)\BaseX\bin;C:\Program Files (x86)\Skype\Phone\;C:\Users\ankita_K\Desktop;
USERNAME=ankita_K
OS=Windows_NT
PROCESSOR_IDENTIFIER=Intel64 Family 6 Model 69 Stepping 1, GenuineIntel



---------------  S Y S T E M  ---------------

OS: Windows 8.1 , 64 bit Build 9600 (6.3.9600.17415)

CPU:total 4 (2 cores per cpu, 2 threads per core) family 6 model 69 stepping 1, cmov, cx8, fxsr, mmx, sse, sse2, sse3, ssse3, sse4.1, sse4.2, popcnt, avx, avx2, aes, clmul, erms, lzcnt, ht, tsc, tscinvbit, bmi1, bmi2

Memory: 4k page, physical 4115736k(949672k free), swap 9096472k(1328368k free)

vm_info: Java HotSpot(TM) 64-Bit Server VM (25.71-b15) for windows-amd64 JRE (1.8.0_71-b15), built on Dec 22 2015 18:15:55 by "java_re" with MS VC++ 10.0 (VS2010)

time: Sun Apr 23 23:18:15 2017
elapsed time: 3045 seconds (0d 0h 50m 45s)

