#
# A fatal error has been detected by the Java Runtime Environment:
#
#  EXCEPTION_ACCESS_VIOLATION (0xc0000005) at pc=0x00000000718e531f, pid=876, tid=7660
#
# JRE version: Java(TM) SE Runtime Environment (8.0_71-b15) (build 1.8.0_71-b15)
# Java VM: Java HotSpot(TM) 64-Bit Server VM (25.71-b15 mixed mode windows-amd64 compressed oops)
# Problematic frame:
# V  [jvm.dll+0xf531f]
#
# Failed to write core dump. Minidumps are not enabled by default on client versions of Windows
#
# If you would like to submit a bug report, please visit:
#   http://bugreport.java.com/bugreport/crash.jsp
#

---------------  T H R E A D  ---------------

Current thread (0x0000000015426800):  VMThread [stack: 0x00000000164c0000,0x00000000165c0000] [id=7660]

siginfo: ExceptionCode=0xc0000005, reading address 0x00000000150a9848

Registers:
RAX=0x00000000001944a0, RBX=0x0000000000000000, RCX=0x0000000014f15398, RDX=0x000000000000ca25
RSP=0x00000000165bed78, RBP=0x00000000165bf2f0, RSI=0x00000000165bf480, RDI=0x00000000165bf480
R8 =0x0000000000000000, R9 =0x0000000014f14028, R10=0x0000000000000007, R11=0x0000000014f0f890
R12=0x0000000017529638, R13=0x00000000165bf2b0, R14=0x00000000000003d8, R15=0x00000000165bf2a0
RIP=0x00000000718e531f, EFLAGS=0x0000000000010206

Top of Stack: (sp=0x00000000165bed78)
0x00000000165bed78:   00000000718ece10 0000000000000000
0x00000000165bed88:   0000000000000000 0000000000000000
0x00000000165bed98:   0000000000000000 0000000000000004
0x00000000165beda8:   0000000000000001 0000000071dea048
0x00000000165bedb8:   000000000192a020 0000000000000014
0x00000000165bedc8:   000000000000000e 00000000165bedf0
0x00000000165bedd8:   0000000700000002 0000000000000000
0x00000000165bede8:   000000000000037f 4fffffff4fffffff
0x00000000165bedf8:   4fffffff2fffffff 00000000000002eb
0x00000000165bee08:   00000000173de820 00000000000003ff
0x00000000165bee18:   00000000000002eb 0000000000000ffe
0x00000000165bee28:   00000007000000d8 ffffffff00000001
0x00000000165bee38:   000000060000000a 00000000b1084ff6
0x00000000165bee48:   000000001752d850 0000000002000002
0x00000000165bee58:   0000000016b9f100 000000001549eaf0
0x00000000165bee68:   00000000f9080ffe 0000000000000000 

Instructions: (pc=0x00000000718e531f)
0x00000000718e52ff:   74 3e 85 d2 79 13 f7 d2 48 63 c2 48 c1 e0 05 48
0x00000000718e530f:   8b 44 08 10 0f b7 c0 eb 12 48 63 c2 48 c1 e0 05
0x00000000718e531f:   48 8b 44 08 10 0f b7 d0 48 63 c2 41 0f b7 4c c1
0x00000000718e532f:   52 48 63 c1 41 0f b7 44 c1 52 49 8b 44 c1 50 c3 


Register to memory mapping:

RAX=0x00000000001944a0 is an unknown value
RBX=0x0000000000000000 is an unknown value
RCX=0x0000000014f15398 is pointing into metadata
RDX=0x000000000000ca25 is an unknown value
RSP=0x00000000165bed78 is an unknown value
RBP=0x00000000165bf2f0 is an unknown value
RSI=0x00000000165bf480 is an unknown value
RDI=0x00000000165bf480 is an unknown value
R8 =0x0000000000000000 is an unknown value
R9 =0x0000000014f14028 is pointing into metadata
R10=0x0000000000000007 is an unknown value
R11=0x0000000014f0f890 is pointing into metadata
R12=0x0000000017529638 is an unknown value
R13=0x00000000165bf2b0 is an unknown value
R14=0x00000000000003d8 is an unknown value
R15=0x00000000165bf2a0 is an unknown value


Stack: [0x00000000164c0000,0x00000000165c0000],  sp=0x00000000165bed78,  free space=1019k
Native frames: (J=compiled Java code, j=interpreted, Vv=VM code, C=native code)
V  [jvm.dll+0xf531f]

VM_Operation (0x0000000016b9f620): GetOrSetLocal, mode: safepoint, requested by thread 0x0000000015470000


---------------  P R O C E S S  ---------------

Java Threads: ( => current thread )
  0x000000001740a000 JavaThread "Service Thread" daemon [_thread_blocked, id=8436, stack(0x00000000177b0000,0x00000000178b0000)]
  0x000000001548a000 JavaThread "C1 CompilerThread2" daemon [_thread_blocked, id=7820, stack(0x00000000172b0000,0x00000000173b0000)]
  0x0000000015489800 JavaThread "C2 CompilerThread1" daemon [_thread_blocked, id=9000, stack(0x00000000171b0000,0x00000000172b0000)]
  0x0000000015483800 JavaThread "C2 CompilerThread0" daemon [_thread_blocked, id=8212, stack(0x00000000170b0000,0x00000000171b0000)]
  0x0000000015475800 JavaThread "JDWP Command Reader" daemon [_thread_in_native, id=7932, stack(0x0000000016fb0000,0x00000000170b0000)]
  0x0000000015474800 JavaThread "JDWP Event Helper Thread" daemon [_thread_blocked, id=8292, stack(0x0000000016eb0000,0x0000000016fb0000)]
  0x0000000015470000 JavaThread "JDWP Transport Listener: dt_socket" daemon [_thread_blocked, id=7512, stack(0x0000000016aa0000,0x0000000016ba0000)]
  0x000000001545d800 JavaThread "Attach Listener" daemon [_thread_blocked, id=8304, stack(0x00000000169a0000,0x0000000016aa0000)]
  0x000000001545c000 JavaThread "Signal Dispatcher" daemon [_thread_blocked, id=5608, stack(0x00000000168a0000,0x00000000169a0000)]
  0x00000000019d6800 JavaThread "Finalizer" daemon [_thread_blocked, id=8864, stack(0x00000000166c0000,0x00000000167c0000)]
  0x00000000019ce800 JavaThread "Reference Handler" daemon [_thread_blocked, id=8468, stack(0x00000000165c0000,0x00000000166c0000)]
  0x00000000017de000 JavaThread "main" [_thread_blocked, id=8252, stack(0x00000000017e0000,0x00000000018e0000)]

Other Threads:
=>0x0000000015426800 VMThread [stack: 0x00000000164c0000,0x00000000165c0000] [id=7660]
  0x000000001740f800 WatcherThread [stack: 0x00000000178b0000,0x00000000179b0000] [id=7960]

VM state:at safepoint (normal execution)

VM Mutex/Monitor currently owned by a thread:  ([mutex/lock_event])
[0x00000000017dd1a0] Threads_lock - owner thread: 0x0000000015426800

Heap:
 PSYoungGen      total 18944K, used 2644K [0x00000000eb100000, 0x00000000ec600000, 0x0000000100000000)
  eden space 16384K, 16% used [0x00000000eb100000,0x00000000eb395338,0x00000000ec100000)
  from space 2560K, 0% used [0x00000000ec380000,0x00000000ec380000,0x00000000ec600000)
  to   space 2560K, 0% used [0x00000000ec100000,0x00000000ec100000,0x00000000ec380000)
 ParOldGen       total 44032K, used 0K [0x00000000c1200000, 0x00000000c3d00000, 0x00000000eb100000)
  object space 44032K, 0% used [0x00000000c1200000,0x00000000c1200000,0x00000000c3d00000)
 Metaspace       used 3544K, capacity 4888K, committed 5120K, reserved 1056768K
  class space    used 369K, capacity 392K, committed 512K, reserved 1048576K

Card table byte_map: [0x0000000001da0000,0x0000000001fa0000] byte_map_base: 0x0000000001797000

Marking Bits: (ParMarkBitMap*) 0x0000000071fff600
 Begin Bits: [0x0000000012950000, 0x0000000013908000)
 End Bits:   [0x0000000013908000, 0x00000000148c0000)

Polling page: 0x00000000016b0000

CodeCache: size=245760Kb used=1285Kb max_used=1297Kb free=244474Kb
 bounds [0x0000000003400000, 0x0000000003670000, 0x0000000012400000]
 total_blobs=350 nmethods=115 adapters=156
 compilation: enabled

Compilation events (10 events):
Event: 0.300 Thread 0x000000001548a000 nmethod 111 0x0000000003540390 code [0x00000000035404e0, 0x0000000003540690]
Event: 0.300 Thread 0x000000001548a000  114       3       java.util.concurrent.ConcurrentHashMap::spread (10 bytes)
Event: 0.300 Thread 0x000000001548a000 nmethod 114 0x0000000003540750 code [0x00000000035408a0, 0x00000000035409f0]
Event: 0.300 Thread 0x000000001548a000  113       3       java.util.regex.Pattern::compile (10 bytes)
Event: 0.300 Thread 0x000000001548a000 nmethod 113 0x0000000003543a50 code [0x0000000003543bc0, 0x0000000003543da8]
Event: 0.300 Thread 0x000000001548a000  110       1       java.nio.Buffer::limit (5 bytes)
Event: 0.300 Thread 0x000000001548a000 nmethod 110 0x0000000003543e50 code [0x0000000003543fa0, 0x00000000035440b0]
Event: 0.300 Thread 0x000000001548a000  115       1       java.net.URL::getProtocol (5 bytes)
Event: 0.301 Thread 0x0000000015489800 nmethod 108 0x0000000003544110 code [0x0000000003544260, 0x0000000003544638]
Event: 0.301 Thread 0x000000001548a000 nmethod 115 0x0000000003543790 code [0x00000000035438e0, 0x00000000035439f0]

GC Heap History (0 events):
No events

Deoptimization events (0 events):
No events

Internal exceptions (6 events):
Event: 0.066 Thread 0x00000000017de000 Exception <a 'java/lang/NoSuchMethodError': Method sun.misc.Unsafe.defineClass(Ljava/lang/String;[BII)Ljava/lang/Class; name or signature does not match> (0x00000000eb10d460) thrown at [C:\re\workspace\8-2-build-windows-amd64-cygwin\jdk8u71\5731\hotspot\srfKÜoæ°?
Event: 0.066 Thread 0x00000000017de000 Exception <a 'java/lang/NoSuchMethodError': Method sun.misc.Unsafe.prefetchRead(Ljava/lang/Object;J)V name or signature does not match> (0x00000000eb10d748) thrown at [C:\re\workspace\8-2-build-windows-amd64-cygwin\jdk8u71\5731\hotspot\src\share\vm\prims\jgÎ‰)/Ð?
Event: 0.251 Thread 0x00000000017de000 Exception <a 'java/security/PrivilegedActionException'> (0x00000000eb2aae30) thrown at [C:\re\workspace\8-2-build-windows-amd64-cygwin\jdk8u71\5731\hotspot\src\share\vm\prims\jvm.cpp, line 1386]
Event: 0.251 Thread 0x00000000017de000 Exception <a 'java/security/PrivilegedActionException'> (0x00000000eb2ab228) thrown at [C:\re\workspace\8-2-build-windows-amd64-cygwin\jdk8u71\5731\hotspot\src\share\vm\prims\jvm.cpp, line 1386]
Event: 0.252 Thread 0x00000000017de000 Exception <a 'java/security/PrivilegedActionException'> (0x00000000eb2aefb8) thrown at [C:\re\workspace\8-2-build-windows-amd64-cygwin\jdk8u71\5731\hotspot\src\share\vm\prims\jvm.cpp, line 1386]
Event: 0.252 Thread 0x00000000017de000 Exception <a 'java/security/PrivilegedActionException'> (0x00000000eb2af3b0) thrown at [C:\re\workspace\8-2-build-windows-amd64-cygwin\jdk8u71\5731\hotspot\src\share\vm\prims\jvm.cpp, line 1386]

Events (10 events):
Event: 640.354 Executing VM operation: ChangeBreakpoints done
Event: 640.357 Executing VM operation: EnterInterpOnlyMode
Event: 640.358 Executing VM operation: EnterInterpOnlyMode done
Event: 640.358 Executing VM operation: GetCurrentLocation
Event: 640.358 Executing VM operation: GetCurrentLocation done
Event: 640.358 Executing VM operation: ChangeSingleStep
Event: 640.358 Executing VM operation: ChangeSingleStep done
Event: 640.359 Executing VM operation: ChangeSingleStep
Event: 640.359 Executing VM operation: ChangeSingleStep done
Event: 641.568 Executing VM operation: GetOrSetLocal


Dynamic libraries:
0x00007ff7eae00000 - 0x00007ff7eae37000 	C:\Program Files\Java\jre1.8.0_71\bin\javaw.exe
0x00007ffc30ac0000 - 0x00007ffc30c6d000 	C:\Windows\SYSTEM32\ntdll.dll
0x00007ffc30530000 - 0x00007ffc3066e000 	C:\Windows\system32\KERNEL32.DLL
0x00007ffc2dff0000 - 0x00007ffc2e105000 	C:\Windows\system32\KERNELBASE.dll
0x00007ffc2c400000 - 0x00007ffc2c48e000 	C:\Windows\system32\apphelp.dll
0x00007ffc09260000 - 0x00007ffc092b3000 	C:\Windows\AppPatch\AppPatch64\AcGenral.DLL
0x00007ffc2e300000 - 0x00007ffc2e3aa000 	C:\Windows\system32\msvcrt.dll
0x00007ffc2e110000 - 0x00007ffc2e13e000 	C:\Windows\system32\SspiCli.dll
0x00007ffc2e460000 - 0x00007ffc2e4b4000 	C:\Windows\system32\SHLWAPI.dll
0x00007ffc30940000 - 0x00007ffc30ab7000 	C:\Windows\system32\USER32.dll
0x00007ffc2fe60000 - 0x00007ffc2fff4000 	C:\Windows\system32\ole32.dll
0x00007ffc2e770000 - 0x00007ffc2fc98000 	C:\Windows\system32\SHELL32.dll
0x00007ffc2d1a0000 - 0x00007ffc2d1c1000 	C:\Windows\SYSTEM32\USERENV.dll
0x00007ffc2e4c0000 - 0x00007ffc2e56a000 	C:\Windows\system32\ADVAPI32.dll
0x00007ffc22f20000 - 0x00007ffc22f3e000 	C:\Windows\SYSTEM32\MPR.dll
0x00007ffc2e570000 - 0x00007ffc2e6b0000 	C:\Windows\system32\RPCRT4.dll
0x00007ffc30670000 - 0x00007ffc306c9000 	C:\Windows\SYSTEM32\sechost.dll
0x00007ffc30000000 - 0x00007ffc30211000 	C:\Windows\SYSTEM32\combase.dll
0x00007ffc30220000 - 0x00007ffc3036f000 	C:\Windows\system32\GDI32.dll
0x00007ffc2dbe0000 - 0x00007ffc2dbf5000 	C:\Windows\SYSTEM32\profapi.dll
0x00007ffc2cdf0000 - 0x00007ffc2cea2000 	C:\Windows\SYSTEM32\SHCORE.dll
0x00007ffc2e3b0000 - 0x00007ffc2e3e6000 	C:\Windows\system32\IMM32.DLL
0x00007ffc303d0000 - 0x00007ffc30522000 	C:\Windows\system32\MSCTF.dll
0x00007ffc2ba10000 - 0x00007ffc2bc8b000 	C:\Windows\WinSxS\amd64_microsoft.windows.common-controls_6595b64144ccf1df_6.0.9600.18006_none_623f33d3ecbe86e8\COMCTL32.dll
0x00000000709d0000 - 0x0000000070aa2000 	C:\Program Files\Java\jre1.8.0_71\bin\msvcr100.dll
0x00000000717f0000 - 0x000000007207f000 	C:\Program Files\Java\jre1.8.0_71\bin\server\jvm.dll
0x00007ffc24fe0000 - 0x00007ffc24fe9000 	C:\Windows\SYSTEM32\WSOCK32.dll
0x00007ffc25080000 - 0x00007ffc250a2000 	C:\Windows\SYSTEM32\WINMM.dll
0x00007ffc2ceb0000 - 0x00007ffc2ceba000 	C:\Windows\SYSTEM32\VERSION.dll
0x00007ffc2e2f0000 - 0x00007ffc2e2f7000 	C:\Windows\system32\PSAPI.DLL
0x00007ffc2e400000 - 0x00007ffc2e45a000 	C:\Windows\system32\WS2_32.dll
0x00007ffc25050000 - 0x00007ffc2507a000 	C:\Windows\SYSTEM32\WINMMBASE.dll
0x00007ffc2e3f0000 - 0x00007ffc2e3f9000 	C:\Windows\system32\NSI.dll
0x00007ffc2df40000 - 0x00007ffc2df8f000 	C:\Windows\SYSTEM32\cfgmgr32.dll
0x00007ffc2c650000 - 0x00007ffc2c678000 	C:\Windows\SYSTEM32\DEVOBJ.dll
0x00000000717e0000 - 0x00000000717ef000 	C:\Program Files\Java\jre1.8.0_71\bin\verify.dll
0x00000000717b0000 - 0x00000000717d9000 	C:\Program Files\Java\jre1.8.0_71\bin\java.dll
0x0000000070990000 - 0x00000000709c5000 	C:\Program Files\Java\jre1.8.0_71\bin\jdwp.dll
0x0000000070980000 - 0x0000000070988000 	C:\Program Files\Java\jre1.8.0_71\bin\npt.dll
0x0000000071790000 - 0x00000000717a6000 	C:\Program Files\Java\jre1.8.0_71\bin\zip.dll
0x0000000070970000 - 0x0000000070979000 	C:\Program Files\Java\jre1.8.0_71\bin\dt_socket.dll
0x00007ffc05f60000 - 0x00007ffc05f75000 	C:\Windows\system32\napinsp.dll
0x00007ffc05f40000 - 0x00007ffc05f5a000 	C:\Windows\system32\pnrpnsp.dll
0x00007ffc28580000 - 0x00007ffc2859b000 	C:\Windows\system32\NLAapi.dll
0x00007ffc2d410000 - 0x00007ffc2d469000 	C:\Windows\System32\mswsock.dll
0x00007ffc2d210000 - 0x00007ffc2d2b4000 	C:\Windows\SYSTEM32\DNSAPI.dll
0x00007ffc05f30000 - 0x00007ffc05f3d000 	C:\Windows\System32\winrnr.dll
0x00007ffc04e80000 - 0x00007ffc04e94000 	C:\Windows\system32\wshbth.dll
0x0000000072270000 - 0x0000000072296000 	C:\Program Files\Bonjour\mdnsNSP.dll
0x00007ffc27a70000 - 0x00007ffc27a9a000 	C:\Windows\SYSTEM32\Iphlpapi.DLL
0x00007ffc27a50000 - 0x00007ffc27a5a000 	C:\Windows\SYSTEM32\WINNSI.DLL
0x00007ffc275f0000 - 0x00007ffc2765b000 	C:\Windows\System32\fwpuclnt.dll
0x00007ffc25780000 - 0x00007ffc2578a000 	C:\Windows\System32\rasadhlp.dll
0x00007ffc1e9c0000 - 0x00007ffc1eb49000 	C:\Windows\SYSTEM32\dbghelp.dll

VM Arguments:
jvm_args: -agentlib:jdwp=transport=dt_socket,suspend=y,address=localhost:51970 -Dfile.encoding=Cp1252 
java_command: SYSTEM C:\Users\ankita_K\Desktop\workspace\InputFile.txt
java_class_path (initial): C:\Users\ankita_K\Desktop\workspace\OS_Phase1\bin
Launcher Type: SUN_STANDARD

Environment Variables:
PATH=C:/Program Files/Java/jre1.8.0_71/bin/server;C:/Program Files/Java/jre1.8.0_71/bin;C:/Program Files/Java/jre1.8.0_71/lib/amd64;C:\ProgramData\Oracle\Java\javapath;C:\Program Files (x86)\Intel\iCLS Client\;C:\Program Files\Intel\iCLS Client\;C:\Windows\system32;C:\Windows;C:\Windows\System32\Wbem;C:\Windows\System32\WindowsPowerShell\v1.0\;C:\Program Files (x86)\Acer\abFiles\;C:\Program Files\Intel\Intel(R) Management Engine Components\DAL;C:\Program Files\Intel\Intel(R) Management Engine Components\IPT;C:\Program Files (x86)\Intel\Intel(R) Management Engine Components\DAL;C:\Program Files\Java\jdk1.8.0_45\bin;C:\Program Files\Java\jdk1.8.0_45\bin;C:\Program Files (x86)\BaseX\bin;C:\Program Files (x86)\Skype\Phone\;C:\Users\ankita_K\Desktop;
USERNAME=ankita_K
OS=Windows_NT
PROCESSOR_IDENTIFIER=Intel64 Family 6 Model 69 Stepping 1, GenuineIntel



---------------  S Y S T E M  ---------------

OS: Windows 8.1 , 64 bit Build 9600 (6.3.9600.17415)

CPU:total 4 (2 cores per cpu, 2 threads per core) family 6 model 69 stepping 1, cmov, cx8, fxsr, mmx, sse, sse2, sse3, ssse3, sse4.1, sse4.2, popcnt, avx, avx2, aes, clmul, erms, lzcnt, ht, tsc, tscinvbit, bmi1, bmi2

Memory: 4k page, physical 4115736k(995700k free), swap 9096472k(1859792k free)

vm_info: Java HotSpot(TM) 64-Bit Server VM (25.71-b15) for windows-amd64 JRE (1.8.0_71-b15), built on Dec 22 2015 18:15:55 by "java_re" with MS VC++ 10.0 (VS2010)

time: Sun Apr 23 23:19:10 2017
elapsed time: 641 seconds (0d 0h 10m 41s)

